<?xml version="1.0" encoding="UTF-8"?>
<testsuite xmlns:xsi="http://www.w3.org/2001/XMLSchema-instance" xsi:noNamespaceSchemaLocation="https://maven.apache.org/surefire/maven-surefire-plugin/xsd/surefire-test-report.xsd" name="com.target.LocationReadV1Test" time="17.863" tests="2" errors="0" skipped="0" failures="0">
  <properties>
    <property name="sun.desktop" value="windows"/>
    <property name="awt.toolkit" value="sun.awt.windows.WToolkit"/>
    <property name="file.encoding.pkg" value="sun.io"/>
    <property name="java.specification.version" value="1.8"/>
    <property name="sun.cpu.isalist" value="amd64"/>
    <property name="sun.jnu.encoding" value="Cp1252"/>
    <property name="java.class.path" value="C:\Users\pcped\JavaPrograms\location-read-v1\target\test-classes;C:\Users\pcped\JavaPrograms\location-read-v1\target\classes;C:\Users\pcped\.m2\repository\io\micronaut\micronaut-inject\3.5.4\micronaut-inject-3.5.4.jar;C:\Users\pcped\.m2\repository\org\slf4j\slf4j-api\1.7.36\slf4j-api-1.7.36.jar;C:\Users\pcped\.m2\repository\javax\annotation\javax.annotation-api\1.3.2\javax.annotation-api-1.3.2.jar;C:\Users\pcped\.m2\repository\jakarta\inject\jakarta.inject-api\2.0.1\jakarta.inject-api-2.0.1.jar;C:\Users\pcped\.m2\repository\jakarta\annotation\jakarta.annotation-api\2.0.0\jakarta.annotation-api-2.0.0.jar;C:\Users\pcped\.m2\repository\io\micronaut\micronaut-core\3.5.4\micronaut-core-3.5.4.jar;C:\Users\pcped\.m2\repository\org\yaml\snakeyaml\1.30\snakeyaml-1.30.jar;C:\Users\pcped\.m2\repository\io\micronaut\micronaut-runtime\3.5.4\micronaut-runtime-3.5.4.jar;C:\Users\pcped\.m2\repository\io\micronaut\micronaut-http\3.5.4\micronaut-http-3.5.4.jar;C:\Users\pcped\.m2\repository\io\micronaut\micronaut-aop\3.5.4\micronaut-aop-3.5.4.jar;C:\Users\pcped\.m2\repository\io\micronaut\micronaut-context\3.5.4\micronaut-context-3.5.4.jar;C:\Users\pcped\.m2\repository\io\micronaut\micronaut-core-reactive\3.5.4\micronaut-core-reactive-3.5.4.jar;C:\Users\pcped\.m2\repository\org\reactivestreams\reactive-streams\1.0.4\reactive-streams-1.0.4.jar;C:\Users\pcped\.m2\repository\javax\validation\validation-api\2.0.1.Final\validation-api-2.0.1.Final.jar;C:\Users\pcped\.m2\repository\io\projectreactor\reactor-core\3.4.21\reactor-core-3.4.21.jar;C:\Users\pcped\.m2\repository\io\micronaut\micronaut-inject-java\3.5.4\micronaut-inject-java-3.5.4.jar;C:\Users\pcped\.m2\repository\io\micronaut\micronaut-validation\3.5.4\micronaut-validation-3.5.4.jar;C:\Users\pcped\.m2\repository\io\micronaut\cassandra\micronaut-cassandra\4.0.0\micronaut-cassandra-4.0.0.jar;C:\Users\pcped\.m2\repository\com\datastax\oss\java-driver-core\4.11.1\java-driver-core-4.11.1.jar;C:\Users\pcped\.m2\repository\com\datastax\oss\native-protocol\1.5.0\native-protocol-1.5.0.jar;C:\Users\pcped\.m2\repository\io\netty\netty-handler\4.1.77.Final\netty-handler-4.1.77.Final.jar;C:\Users\pcped\.m2\repository\io\netty\netty-resolver\4.1.77.Final\netty-resolver-4.1.77.Final.jar;C:\Users\pcped\.m2\repository\com\datastax\oss\java-driver-shaded-guava\25.1-jre-graal-sub-1\java-driver-shaded-guava-25.1-jre-graal-sub-1.jar;C:\Users\pcped\.m2\repository\com\typesafe\config\1.4.1\config-1.4.1.jar;C:\Users\pcped\.m2\repository\com\github\jnr\jnr-posix\3.1.5\jnr-posix-3.1.5.jar;C:\Users\pcped\.m2\repository\com\github\jnr\jnr-ffi\2.2.2\jnr-ffi-2.2.2.jar;C:\Users\pcped\.m2\repository\com\github\jnr\jffi\1.3.1\jffi-1.3.1.jar;C:\Users\pcped\.m2\repository\com\github\jnr\jffi\1.3.1\jffi-1.3.1-native.jar;C:\Users\pcped\.m2\repository\org\ow2\asm\asm\9.1\asm-9.1.jar;C:\Users\pcped\.m2\repository\org\ow2\asm\asm-commons\9.1\asm-commons-9.1.jar;C:\Users\pcped\.m2\repository\org\ow2\asm\asm-analysis\9.1\asm-analysis-9.1.jar;C:\Users\pcped\.m2\repository\org\ow2\asm\asm-tree\9.1\asm-tree-9.1.jar;C:\Users\pcped\.m2\repository\org\ow2\asm\asm-util\9.1\asm-util-9.1.jar;C:\Users\pcped\.m2\repository\com\github\jnr\jnr-a64asm\1.0.0\jnr-a64asm-1.0.0.jar;C:\Users\pcped\.m2\repository\com\github\jnr\jnr-x86asm\1.0.2\jnr-x86asm-1.0.2.jar;C:\Users\pcped\.m2\repository\com\github\jnr\jnr-constants\0.10.1\jnr-constants-0.10.1.jar;C:\Users\pcped\.m2\repository\io\dropwizard\metrics\metrics-core\4.1.18\metrics-core-4.1.18.jar;C:\Users\pcped\.m2\repository\org\hdrhistogram\HdrHistogram\2.1.12\HdrHistogram-2.1.12.jar;C:\Users\pcped\.m2\repository\com\esri\geometry\esri-geometry-api\1.2.1\esri-geometry-api-1.2.1.jar;C:\Users\pcped\.m2\repository\org\json\json\20090211\json-20090211.jar;C:\Users\pcped\.m2\repository\org\codehaus\jackson\jackson-core-asl\1.9.12\jackson-core-asl-1.9.12.jar;C:\Users\pcped\.m2\repository\com\fasterxml\jackson\core\jackson-core\2.13.2\jackson-core-2.13.2.jar;C:\Users\pcped\.m2\repository\com\github\stephenc\jcip\jcip-annotations\1.0-1\jcip-annotations-1.0-1.jar;C:\Users\pcped\.m2\repository\com\github\spotbugs\spotbugs-annotations\4.7.1\spotbugs-annotations-4.7.1.jar;C:\Users\pcped\.m2\repository\com\google\code\findbugs\jsr305\3.0.2\jsr305-3.0.2.jar;C:\Users\pcped\.m2\repository\com\datastax\oss\java-driver-mapper-processor\4.11.1\java-driver-mapper-processor-4.11.1.jar;C:\Users\pcped\.m2\repository\com\datastax\oss\java-driver-mapper-runtime\4.11.1\java-driver-mapper-runtime-4.11.1.jar;C:\Users\pcped\.m2\repository\com\datastax\oss\java-driver-query-builder\4.11.1\java-driver-query-builder-4.11.1.jar;C:\Users\pcped\.m2\repository\com\squareup\javapoet\1.13.0\javapoet-1.13.0.jar;C:\Users\pcped\.m2\repository\org\junit\jupiter\junit-jupiter-api\5.7.2\junit-jupiter-api-5.7.2.jar;C:\Users\pcped\.m2\repository\org\apiguardian\apiguardian-api\1.1.0\apiguardian-api-1.1.0.jar;C:\Users\pcped\.m2\repository\org\opentest4j\opentest4j\1.2.0\opentest4j-1.2.0.jar;C:\Users\pcped\.m2\repository\org\junit\platform\junit-platform-commons\1.7.2\junit-platform-commons-1.7.2.jar;C:\Users\pcped\.m2\repository\org\junit\jupiter\junit-jupiter-engine\5.7.2\junit-jupiter-engine-5.7.2.jar;C:\Users\pcped\.m2\repository\org\junit\platform\junit-platform-engine\1.7.2\junit-platform-engine-1.7.2.jar;C:\Users\pcped\.m2\repository\io\micronaut\test\micronaut-test-junit5\3.3.1\micronaut-test-junit5-3.3.1.jar;C:\Users\pcped\.m2\repository\io\micronaut\test\micronaut-test-core\3.3.1\micronaut-test-core-3.3.1.jar;C:\Users\pcped\.m2\repository\org\mockito\mockito-all\1.9.5\mockito-all-1.9.5.jar;C:\Users\pcped\.m2\repository\org\mockito\mockito-inline\4.6.1\mockito-inline-4.6.1.jar;C:\Users\pcped\.m2\repository\org\mockito\mockito-core\4.6.1\mockito-core-4.6.1.jar;C:\Users\pcped\.m2\repository\net\bytebuddy\byte-buddy\1.12.10\byte-buddy-1.12.10.jar;C:\Users\pcped\.m2\repository\net\bytebuddy\byte-buddy-agent\1.12.10\byte-buddy-agent-1.12.10.jar;C:\Users\pcped\.m2\repository\org\objenesis\objenesis\3.2\objenesis-3.2.jar;C:\Users\pcped\.m2\repository\org\mockito\kotlin\mockito-kotlin\4.0.0\mockito-kotlin-4.0.0.jar;C:\Users\pcped\.m2\repository\org\mockito\mockito-junit-jupiter\4.6.1\mockito-junit-jupiter-4.6.1.jar;C:\Users\pcped\.m2\repository\io\micronaut\micronaut-http-client\3.5.4\micronaut-http-client-3.5.4.jar;C:\Users\pcped\.m2\repository\io\micronaut\micronaut-http-client-core\3.5.4\micronaut-http-client-core-3.5.4.jar;C:\Users\pcped\.m2\repository\io\micronaut\micronaut-websocket\3.5.4\micronaut-websocket-3.5.4.jar;C:\Users\pcped\.m2\repository\io\micronaut\micronaut-http-netty\3.5.4\micronaut-http-netty-3.5.4.jar;C:\Users\pcped\.m2\repository\io\micronaut\micronaut-buffer-netty\3.5.4\micronaut-buffer-netty-3.5.4.jar;C:\Users\pcped\.m2\repository\io\netty\netty-codec-http2\4.1.77.Final\netty-codec-http2-4.1.77.Final.jar;C:\Users\pcped\.m2\repository\io\netty\netty-handler-proxy\4.1.77.Final\netty-handler-proxy-4.1.77.Final.jar;C:\Users\pcped\.m2\repository\io\netty\netty-common\4.1.77.Final\netty-common-4.1.77.Final.jar;C:\Users\pcped\.m2\repository\io\netty\netty-buffer\4.1.77.Final\netty-buffer-4.1.77.Final.jar;C:\Users\pcped\.m2\repository\io\netty\netty-transport\4.1.77.Final\netty-transport-4.1.77.Final.jar;C:\Users\pcped\.m2\repository\io\netty\netty-codec\4.1.77.Final\netty-codec-4.1.77.Final.jar;C:\Users\pcped\.m2\repository\io\netty\netty-codec-socks\4.1.77.Final\netty-codec-socks-4.1.77.Final.jar;C:\Users\pcped\.m2\repository\io\micronaut\micronaut-http-server-netty\3.5.4\micronaut-http-server-netty-3.5.4.jar;C:\Users\pcped\.m2\repository\io\micronaut\micronaut-http-server\3.5.4\micronaut-http-server-3.5.4.jar;C:\Users\pcped\.m2\repository\io\micronaut\micronaut-router\3.5.4\micronaut-router-3.5.4.jar;C:\Users\pcped\.m2\repository\io\netty\netty-codec-http\4.1.77.Final\netty-codec-http-4.1.77.Final.jar;C:\Users\pcped\.m2\repository\io\micronaut\micronaut-jackson-databind\3.5.4\micronaut-jackson-databind-3.5.4.jar;C:\Users\pcped\.m2\repository\io\micronaut\micronaut-jackson-core\3.5.4\micronaut-jackson-core-3.5.4.jar;C:\Users\pcped\.m2\repository\io\micronaut\micronaut-json-core\3.5.4\micronaut-json-core-3.5.4.jar;C:\Users\pcped\.m2\repository\com\fasterxml\jackson\core\jackson-annotations\2.13.2\jackson-annotations-2.13.2.jar;C:\Users\pcped\.m2\repository\com\fasterxml\jackson\core\jackson-databind\2.13.2.2\jackson-databind-2.13.2.2.jar;C:\Users\pcped\.m2\repository\com\fasterxml\jackson\datatype\jackson-datatype-jdk8\2.13.2\jackson-datatype-jdk8-2.13.2.jar;C:\Users\pcped\.m2\repository\com\fasterxml\jackson\datatype\jackson-datatype-jsr310\2.13.2\jackson-datatype-jsr310-2.13.2.jar;C:\Users\pcped\.m2\repository\ch\qos\logback\logback-classic\1.2.11\logback-classic-1.2.11.jar;C:\Users\pcped\.m2\repository\ch\qos\logback\logback-core\1.2.11\logback-core-1.2.11.jar;"/>
    <property name="java.vm.vendor" value="Oracle Corporation"/>
    <property name="sun.arch.data.model" value="64"/>
    <property name="user.variant" value=""/>
    <property name="java.vendor.url" value="http://java.oracle.com/"/>
    <property name="user.timezone" value="America/Los_Angeles"/>
    <property name="java.vm.specification.version" value="1.8"/>
    <property name="os.name" value="Windows 10"/>
    <property name="user.country" value="US"/>
    <property name="sun.java.launcher" value="SUN_STANDARD"/>
    <property name="sun.boot.library.path" value="C:\Program Files\Java\jdk1.8.0_201\jre\bin"/>
    <property name="sun.java.command" value="C:\Users\pcped\AppData\Local\Temp\surefire1319325685777570453\surefirebooter303584376038192074.jar C:\Users\pcped\AppData\Local\Temp\surefire1319325685777570453 2022-08-04T10-00-05_528-jvmRun1 surefire5024600404941757960tmp surefire_06824158710539924310tmp"/>
    <property name="surefire.test.class.path" value="C:\Users\pcped\JavaPrograms\location-read-v1\target\test-classes;C:\Users\pcped\JavaPrograms\location-read-v1\target\classes;C:\Users\pcped\.m2\repository\io\micronaut\micronaut-inject\3.5.4\micronaut-inject-3.5.4.jar;C:\Users\pcped\.m2\repository\org\slf4j\slf4j-api\1.7.36\slf4j-api-1.7.36.jar;C:\Users\pcped\.m2\repository\javax\annotation\javax.annotation-api\1.3.2\javax.annotation-api-1.3.2.jar;C:\Users\pcped\.m2\repository\jakarta\inject\jakarta.inject-api\2.0.1\jakarta.inject-api-2.0.1.jar;C:\Users\pcped\.m2\repository\jakarta\annotation\jakarta.annotation-api\2.0.0\jakarta.annotation-api-2.0.0.jar;C:\Users\pcped\.m2\repository\io\micronaut\micronaut-core\3.5.4\micronaut-core-3.5.4.jar;C:\Users\pcped\.m2\repository\org\yaml\snakeyaml\1.30\snakeyaml-1.30.jar;C:\Users\pcped\.m2\repository\io\micronaut\micronaut-runtime\3.5.4\micronaut-runtime-3.5.4.jar;C:\Users\pcped\.m2\repository\io\micronaut\micronaut-http\3.5.4\micronaut-http-3.5.4.jar;C:\Users\pcped\.m2\repository\io\micronaut\micronaut-aop\3.5.4\micronaut-aop-3.5.4.jar;C:\Users\pcped\.m2\repository\io\micronaut\micronaut-context\3.5.4\micronaut-context-3.5.4.jar;C:\Users\pcped\.m2\repository\io\micronaut\micronaut-core-reactive\3.5.4\micronaut-core-reactive-3.5.4.jar;C:\Users\pcped\.m2\repository\org\reactivestreams\reactive-streams\1.0.4\reactive-streams-1.0.4.jar;C:\Users\pcped\.m2\repository\javax\validation\validation-api\2.0.1.Final\validation-api-2.0.1.Final.jar;C:\Users\pcped\.m2\repository\io\projectreactor\reactor-core\3.4.21\reactor-core-3.4.21.jar;C:\Users\pcped\.m2\repository\io\micronaut\micronaut-inject-java\3.5.4\micronaut-inject-java-3.5.4.jar;C:\Users\pcped\.m2\repository\io\micronaut\micronaut-validation\3.5.4\micronaut-validation-3.5.4.jar;C:\Users\pcped\.m2\repository\io\micronaut\cassandra\micronaut-cassandra\4.0.0\micronaut-cassandra-4.0.0.jar;C:\Users\pcped\.m2\repository\com\datastax\oss\java-driver-core\4.11.1\java-driver-core-4.11.1.jar;C:\Users\pcped\.m2\repository\com\datastax\oss\native-protocol\1.5.0\native-protocol-1.5.0.jar;C:\Users\pcped\.m2\repository\io\netty\netty-handler\4.1.77.Final\netty-handler-4.1.77.Final.jar;C:\Users\pcped\.m2\repository\io\netty\netty-resolver\4.1.77.Final\netty-resolver-4.1.77.Final.jar;C:\Users\pcped\.m2\repository\com\datastax\oss\java-driver-shaded-guava\25.1-jre-graal-sub-1\java-driver-shaded-guava-25.1-jre-graal-sub-1.jar;C:\Users\pcped\.m2\repository\com\typesafe\config\1.4.1\config-1.4.1.jar;C:\Users\pcped\.m2\repository\com\github\jnr\jnr-posix\3.1.5\jnr-posix-3.1.5.jar;C:\Users\pcped\.m2\repository\com\github\jnr\jnr-ffi\2.2.2\jnr-ffi-2.2.2.jar;C:\Users\pcped\.m2\repository\com\github\jnr\jffi\1.3.1\jffi-1.3.1.jar;C:\Users\pcped\.m2\repository\com\github\jnr\jffi\1.3.1\jffi-1.3.1-native.jar;C:\Users\pcped\.m2\repository\org\ow2\asm\asm\9.1\asm-9.1.jar;C:\Users\pcped\.m2\repository\org\ow2\asm\asm-commons\9.1\asm-commons-9.1.jar;C:\Users\pcped\.m2\repository\org\ow2\asm\asm-analysis\9.1\asm-analysis-9.1.jar;C:\Users\pcped\.m2\repository\org\ow2\asm\asm-tree\9.1\asm-tree-9.1.jar;C:\Users\pcped\.m2\repository\org\ow2\asm\asm-util\9.1\asm-util-9.1.jar;C:\Users\pcped\.m2\repository\com\github\jnr\jnr-a64asm\1.0.0\jnr-a64asm-1.0.0.jar;C:\Users\pcped\.m2\repository\com\github\jnr\jnr-x86asm\1.0.2\jnr-x86asm-1.0.2.jar;C:\Users\pcped\.m2\repository\com\github\jnr\jnr-constants\0.10.1\jnr-constants-0.10.1.jar;C:\Users\pcped\.m2\repository\io\dropwizard\metrics\metrics-core\4.1.18\metrics-core-4.1.18.jar;C:\Users\pcped\.m2\repository\org\hdrhistogram\HdrHistogram\2.1.12\HdrHistogram-2.1.12.jar;C:\Users\pcped\.m2\repository\com\esri\geometry\esri-geometry-api\1.2.1\esri-geometry-api-1.2.1.jar;C:\Users\pcped\.m2\repository\org\json\json\20090211\json-20090211.jar;C:\Users\pcped\.m2\repository\org\codehaus\jackson\jackson-core-asl\1.9.12\jackson-core-asl-1.9.12.jar;C:\Users\pcped\.m2\repository\com\fasterxml\jackson\core\jackson-core\2.13.2\jackson-core-2.13.2.jar;C:\Users\pcped\.m2\repository\com\github\stephenc\jcip\jcip-annotations\1.0-1\jcip-annotations-1.0-1.jar;C:\Users\pcped\.m2\repository\com\github\spotbugs\spotbugs-annotations\4.7.1\spotbugs-annotations-4.7.1.jar;C:\Users\pcped\.m2\repository\com\google\code\findbugs\jsr305\3.0.2\jsr305-3.0.2.jar;C:\Users\pcped\.m2\repository\com\datastax\oss\java-driver-mapper-processor\4.11.1\java-driver-mapper-processor-4.11.1.jar;C:\Users\pcped\.m2\repository\com\datastax\oss\java-driver-mapper-runtime\4.11.1\java-driver-mapper-runtime-4.11.1.jar;C:\Users\pcped\.m2\repository\com\datastax\oss\java-driver-query-builder\4.11.1\java-driver-query-builder-4.11.1.jar;C:\Users\pcped\.m2\repository\com\squareup\javapoet\1.13.0\javapoet-1.13.0.jar;C:\Users\pcped\.m2\repository\org\junit\jupiter\junit-jupiter-api\5.7.2\junit-jupiter-api-5.7.2.jar;C:\Users\pcped\.m2\repository\org\apiguardian\apiguardian-api\1.1.0\apiguardian-api-1.1.0.jar;C:\Users\pcped\.m2\repository\org\opentest4j\opentest4j\1.2.0\opentest4j-1.2.0.jar;C:\Users\pcped\.m2\repository\org\junit\platform\junit-platform-commons\1.7.2\junit-platform-commons-1.7.2.jar;C:\Users\pcped\.m2\repository\org\junit\jupiter\junit-jupiter-engine\5.7.2\junit-jupiter-engine-5.7.2.jar;C:\Users\pcped\.m2\repository\org\junit\platform\junit-platform-engine\1.7.2\junit-platform-engine-1.7.2.jar;C:\Users\pcped\.m2\repository\io\micronaut\test\micronaut-test-junit5\3.3.1\micronaut-test-junit5-3.3.1.jar;C:\Users\pcped\.m2\repository\io\micronaut\test\micronaut-test-core\3.3.1\micronaut-test-core-3.3.1.jar;C:\Users\pcped\.m2\repository\org\mockito\mockito-all\1.9.5\mockito-all-1.9.5.jar;C:\Users\pcped\.m2\repository\org\mockito\mockito-inline\4.6.1\mockito-inline-4.6.1.jar;C:\Users\pcped\.m2\repository\org\mockito\mockito-core\4.6.1\mockito-core-4.6.1.jar;C:\Users\pcped\.m2\repository\net\bytebuddy\byte-buddy\1.12.10\byte-buddy-1.12.10.jar;C:\Users\pcped\.m2\repository\net\bytebuddy\byte-buddy-agent\1.12.10\byte-buddy-agent-1.12.10.jar;C:\Users\pcped\.m2\repository\org\objenesis\objenesis\3.2\objenesis-3.2.jar;C:\Users\pcped\.m2\repository\org\mockito\kotlin\mockito-kotlin\4.0.0\mockito-kotlin-4.0.0.jar;C:\Users\pcped\.m2\repository\org\mockito\mockito-junit-jupiter\4.6.1\mockito-junit-jupiter-4.6.1.jar;C:\Users\pcped\.m2\repository\io\micronaut\micronaut-http-client\3.5.4\micronaut-http-client-3.5.4.jar;C:\Users\pcped\.m2\repository\io\micronaut\micronaut-http-client-core\3.5.4\micronaut-http-client-core-3.5.4.jar;C:\Users\pcped\.m2\repository\io\micronaut\micronaut-websocket\3.5.4\micronaut-websocket-3.5.4.jar;C:\Users\pcped\.m2\repository\io\micronaut\micronaut-http-netty\3.5.4\micronaut-http-netty-3.5.4.jar;C:\Users\pcped\.m2\repository\io\micronaut\micronaut-buffer-netty\3.5.4\micronaut-buffer-netty-3.5.4.jar;C:\Users\pcped\.m2\repository\io\netty\netty-codec-http2\4.1.77.Final\netty-codec-http2-4.1.77.Final.jar;C:\Users\pcped\.m2\repository\io\netty\netty-handler-proxy\4.1.77.Final\netty-handler-proxy-4.1.77.Final.jar;C:\Users\pcped\.m2\repository\io\netty\netty-common\4.1.77.Final\netty-common-4.1.77.Final.jar;C:\Users\pcped\.m2\repository\io\netty\netty-buffer\4.1.77.Final\netty-buffer-4.1.77.Final.jar;C:\Users\pcped\.m2\repository\io\netty\netty-transport\4.1.77.Final\netty-transport-4.1.77.Final.jar;C:\Users\pcped\.m2\repository\io\netty\netty-codec\4.1.77.Final\netty-codec-4.1.77.Final.jar;C:\Users\pcped\.m2\repository\io\netty\netty-codec-socks\4.1.77.Final\netty-codec-socks-4.1.77.Final.jar;C:\Users\pcped\.m2\repository\io\micronaut\micronaut-http-server-netty\3.5.4\micronaut-http-server-netty-3.5.4.jar;C:\Users\pcped\.m2\repository\io\micronaut\micronaut-http-server\3.5.4\micronaut-http-server-3.5.4.jar;C:\Users\pcped\.m2\repository\io\micronaut\micronaut-router\3.5.4\micronaut-router-3.5.4.jar;C:\Users\pcped\.m2\repository\io\netty\netty-codec-http\4.1.77.Final\netty-codec-http-4.1.77.Final.jar;C:\Users\pcped\.m2\repository\io\micronaut\micronaut-jackson-databind\3.5.4\micronaut-jackson-databind-3.5.4.jar;C:\Users\pcped\.m2\repository\io\micronaut\micronaut-jackson-core\3.5.4\micronaut-jackson-core-3.5.4.jar;C:\Users\pcped\.m2\repository\io\micronaut\micronaut-json-core\3.5.4\micronaut-json-core-3.5.4.jar;C:\Users\pcped\.m2\repository\com\fasterxml\jackson\core\jackson-annotations\2.13.2\jackson-annotations-2.13.2.jar;C:\Users\pcped\.m2\repository\com\fasterxml\jackson\core\jackson-databind\2.13.2.2\jackson-databind-2.13.2.2.jar;C:\Users\pcped\.m2\repository\com\fasterxml\jackson\datatype\jackson-datatype-jdk8\2.13.2\jackson-datatype-jdk8-2.13.2.jar;C:\Users\pcped\.m2\repository\com\fasterxml\jackson\datatype\jackson-datatype-jsr310\2.13.2\jackson-datatype-jsr310-2.13.2.jar;C:\Users\pcped\.m2\repository\ch\qos\logback\logback-classic\1.2.11\logback-classic-1.2.11.jar;C:\Users\pcped\.m2\repository\ch\qos\logback\logback-core\1.2.11\logback-core-1.2.11.jar;"/>
    <property name="sun.cpu.endian" value="little"/>
    <property name="user.home" value="C:\Users\pcped"/>
    <property name="user.language" value="en"/>
    <property name="java.specification.vendor" value="Oracle Corporation"/>
    <property name="java.home" value="C:\Program Files\Java\jdk1.8.0_201\jre"/>
    <property name="basedir" value="C:\Users\pcped\JavaPrograms\location-read-v1"/>
    <property name="file.separator" value="\"/>
    <property name="line.separator" value="&#10;"/>
    <property name="java.vm.specification.vendor" value="Oracle Corporation"/>
    <property name="java.specification.name" value="Java Platform API Specification"/>
    <property name="java.awt.graphicsenv" value="sun.awt.Win32GraphicsEnvironment"/>
    <property name="surefire.real.class.path" value="C:\Users\pcped\AppData\Local\Temp\surefire1319325685777570453\surefirebooter303584376038192074.jar"/>
    <property name="sun.boot.class.path" value="C:\Program Files\Java\jdk1.8.0_201\jre\lib\resources.jar;C:\Program Files\Java\jdk1.8.0_201\jre\lib\rt.jar;C:\Program Files\Java\jdk1.8.0_201\jre\lib\sunrsasign.jar;C:\Program Files\Java\jdk1.8.0_201\jre\lib\jsse.jar;C:\Program Files\Java\jdk1.8.0_201\jre\lib\jce.jar;C:\Program Files\Java\jdk1.8.0_201\jre\lib\charsets.jar;C:\Program Files\Java\jdk1.8.0_201\jre\lib\jfr.jar;C:\Program Files\Java\jdk1.8.0_201\jre\classes"/>
    <property name="user.script" value=""/>
    <property name="sun.management.compiler" value="HotSpot 64-Bit Tiered Compilers"/>
    <property name="java.runtime.version" value="1.8.0_201-b09"/>
    <property name="user.name" value="pcped"/>
    <property name="path.separator" value=";"/>
    <property name="os.version" value="10.0"/>
    <property name="java.endorsed.dirs" value="C:\Program Files\Java\jdk1.8.0_201\jre\lib\endorsed"/>
    <property name="java.runtime.name" value="Java(TM) SE Runtime Environment"/>
    <property name="file.encoding" value="Cp1252"/>
    <property name="java.vm.name" value="Java HotSpot(TM) 64-Bit Server VM"/>
    <property name="localRepository" value="C:\Users\pcped\.m2\repository"/>
    <property name="java.vendor.url.bug" value="http://bugreport.sun.com/bugreport/"/>
    <property name="java.io.tmpdir" value="C:\Users\pcped\AppData\Local\Temp\"/>
    <property name="java.version" value="1.8.0_201"/>
    <property name="user.dir" value="C:\Users\pcped\JavaPrograms\location-read-v1"/>
    <property name="os.arch" value="amd64"/>
    <property name="java.vm.specification.name" value="Java Virtual Machine Specification"/>
    <property name="java.awt.printerjob" value="sun.awt.windows.WPrinterJob"/>
    <property name="sun.os.patch.level" value=""/>
    <property name="java.library.path" value="C:\Program Files\Java\jdk1.8.0_201\jre\bin;C:\WINDOWS\Sun\Java\bin;C:\WINDOWS\system32;C:\WINDOWS;C:\Users\pbsak_fta\AppData\Local\Programs\Python\Python38-32\Scripts\;C:\Users\pbsak_fta\AppData\Local\Programs\Python\Python38-32;C:\Program Files (x86)\Common Files\Oracle\Java\javapath;C:\Program Files\Java\jdk1.8.0_172\jre\bin;C:\Program Files\Android\Android Studio\jre\bin;C:\Users\Srilatha\AppData\Local\Android\Sdk\tools\lib\monitor-x86_64;C:\WINDOWS\system32;C:\WINDOWS;C:\WINDOWS\System32\Wbem;C:\WINDOWS\System32\WindowsPowerShell\v1.0\;c:\Program Files\Intel\IntelSGXPSW\bin\x64\Release\;c:\Program Files\Intel\IntelSGXPSW\bin\win32\Release\;C:\WINDOWS\System32\OpenSSH\;C:\Program Files\Intel\WiFi\bin\;C:\Program Files\Common Files\Intel\WirelessCommon\;C:\Program Files (x86)\HPE\LoadRunner\strawberry-perl\perl\bin;C:\Users\Srilatha\Downloads\apache-jmeter-4.0\bin;C:\Program Files (x86)\HPE\LoadRunner\bin;C:\ProgramData\Oracle\Java\javapath;C:\Users\Srilatha\AppData\Local\Android\Sdk\tools;C:\Users\Srilatha\AppData\Local\Android\Sdk\platform-tools;C:\Program Files (x86)\GtkSharp\2.12\bin;C:\Program Files\dotnet\;C:\Program Files (x86)\Intel\Intel(R) Management Engine Components\DAL;C:\Program Files\Intel\Intel(R) Management Engine Components\DAL;C:\Program Files\Java\jdk1.8.0_201\bin;C:\Program Files\apache-maven-3.8.6\bin;C:\Program Files\micronaut-cli-3.5.4\bin;C:\Users\pcped\AppData\Local\Microsoft\WindowsApps;;."/>
    <property name="java.vm.info" value="mixed mode"/>
    <property name="java.vendor" value="Oracle Corporation"/>
    <property name="java.vm.version" value="25.201-b09"/>
    <property name="java.ext.dirs" value="C:\Program Files\Java\jdk1.8.0_201\jre\lib\ext;C:\WINDOWS\Sun\Java\lib\ext"/>
    <property name="sun.io.unicode.encoding" value="UnicodeLittle"/>
    <property name="java.class.version" value="52.0"/>
  </properties>
  <testcase name="testUpdateProductDetails" classname="com.target.LocationReadV1Test" time="8.621"/>
  <testcase name="testProductDetails" classname="com.target.LocationReadV1Test" time="1.209"/>
</testsuite>